<?xml version="1.0" encoding="UTF-8"?>
<!-- Generated by org.testng.reporters.JUnitReportReporter -->
<testsuite hostname="Vihaans-MacBook-Air.local" failures="0" tests="1" name="com.xero.qa.testcases.LoginPageTest" time="17.118" errors="0" timestamp="17 Sep 2018 18:16:19 GMT" skipped="0">
  <testcase classname="com.xero.qa.testcases.LoginPageTest" name="SignUpXero" time="17.118"/>
</testsuite> <!-- com.xero.qa.testcases.LoginPageTest -->
