<?xml version="1.0" encoding="UTF-8"?>
<!-- Generated by org.testng.reporters.JUnitReportReporter -->
<testsuite hostname="Vihaans-MacBook-Air.local" failures="0" tests="2" name="com.xero.qa.base.TestBase" time="13.586" errors="0" timestamp="11 Sep 2018 00:14:57 GMT" skipped="0">
  <testcase classname="com.xero.qa.base.TestBase" name="test" time="0.002"/>
  <testcase classname="com.xero.qa.base.TestBase" name="intialization" time="13.584"/>
</testsuite> <!-- com.xero.qa.base.TestBase -->
