<?xml version="1.0" encoding="UTF-8"?>
<!-- Generated by org.testng.reporters.JUnitReportReporter -->
<testsuite hostname="Vihaans-MacBook-Air.local" failures="0" tests="1" name="com.xero.qa.testcases.LoginPageTest" time="18.988" errors="0" timestamp="11 Sep 2018 23:26:10 GMT" skipped="0">
  <testcase classname="com.xero.qa.testcases.LoginPageTest" name="SignUpXero" time="18.988"/>
</testsuite> <!-- com.xero.qa.testcases.LoginPageTest -->
